<?xml version="1.0" encoding="UTF-8"?>
<!-- Generated by org.testng.reporters.JUnitXMLReporter -->
<testsuite hostname="C812" ignored="0" name="Default test" tests="3" failures="0" timestamp="2021-02-19T13:24:16 IST" time="33.874" errors="0">
  <testcase name="lockedOutUserLoginTest" time="3.447" classname="seleniumTest.LoginUserTesting"/>
  <testcase name="performanceGlitchUserLoginTest" time="9.496" classname="seleniumTest.LoginUserTesting"/>
  <testcase name="standardUserLoginTest" time="4.532" classname="seleniumTest.LoginUserTesting"/>
</testsuite> <!-- Default test -->
